{"C:\\Users\\dumam\\OneDrive\\Documents\\GitHub\\staff-relations-management\\dist\\aFeedbackT.js": {"path":"C:\\Users\\dumam\\OneDrive\\Documents\\GitHub\\staff-relations-management\\dist\\aFeedbackT.js","statementMap":{"0":{"start":{"line":4,"column":21},"end":{"line":13,"column":1}},"1":{"start":{"line":16,"column":21},"end":{"line":25,"column":1}},"2":{"start":{"line":18,"column":30},"end":{"line":24,"column":3}},"3":{"start":{"line":19,"column":24},"end":{"line":21,"column":5}},"4":{"start":{"line":28,"column":10},"end":{"line":28,"column":52}},"5":{"start":{"line":29,"column":9},"end":{"line":29,"column":38}},"6":{"start":{"line":34,"column":18},"end":{"line":34,"column":91}},"7":{"start":{"line":37,"column":2},"end":{"line":66,"column":5}},"8":{"start":{"line":38,"column":4},"end":{"line":65,"column":7}},"9":{"start":{"line":40,"column":6},"end":{"line":40,"column":31}},"10":{"start":{"line":43,"column":28},"end":{"line":43,"column":37}},"11":{"start":{"line":44,"column":6},"end":{"line":46,"column":9}},"12":{"start":{"line":45,"column":8},"end":{"line":45,"column":58}},"13":{"start":{"line":49,"column":6},"end":{"line":64,"column":9}},"14":{"start":{"line":50,"column":27},"end":{"line":50,"column":46}},"15":{"start":{"line":51,"column":25},"end":{"line":51,"column":42}},"16":{"start":{"line":52,"column":8},"end":{"line":63,"column":9}},"17":{"start":{"line":53,"column":23},"end":{"line":53,"column":44}},"18":{"start":{"line":54,"column":22},"end":{"line":54,"column":42}},"19":{"start":{"line":55,"column":22},"end":{"line":55,"column":42}},"20":{"start":{"line":56,"column":10},"end":{"line":56,"column":48}},"21":{"start":{"line":57,"column":30},"end":{"line":57,"column":62}},"22":{"start":{"line":58,"column":10},"end":{"line":58,"column":57}},"23":{"start":{"line":59,"column":10},"end":{"line":61,"column":12}},"24":{"start":{"line":60,"column":12},"end":{"line":60,"column":51}},"25":{"start":{"line":62,"column":10},"end":{"line":62,"column":43}},"26":{"start":{"line":71,"column":19},"end":{"line":71,"column":37}},"27":{"start":{"line":72,"column":2},"end":{"line":75,"column":5}},"28":{"start":{"line":76,"column":2},"end":{"line":76,"column":63}},"29":{"start":{"line":80,"column":0},"end":{"line":87,"column":3}},"30":{"start":{"line":81,"column":2},"end":{"line":86,"column":4}},"31":{"start":{"line":89,"column":0},"end":{"line":93,"column":2}}},"fnMap":{"0":{"name":"(anonymous_0)","decl":{"start":{"line":18,"column":23},"end":{"line":18,"column":24}},"loc":{"start":{"line":18,"column":30},"end":{"line":24,"column":3}},"line":18},"1":{"name":"(anonymous_1)","decl":{"start":{"line":19,"column":17},"end":{"line":19,"column":18}},"loc":{"start":{"line":19,"column":24},"end":{"line":21,"column":5}},"line":19},"2":{"name":"fetchAndDisplayEmployees","decl":{"start":{"line":32,"column":9},"end":{"line":32,"column":33}},"loc":{"start":{"line":32,"column":80},"end":{"line":67,"column":1}},"line":32},"3":{"name":"(anonymous_3)","decl":{"start":{"line":37,"column":24},"end":{"line":37,"column":25}},"loc":{"start":{"line":37,"column":53},"end":{"line":66,"column":3}},"line":37},"4":{"name":"(anonymous_4)","decl":{"start":{"line":38,"column":25},"end":{"line":38,"column":26}},"loc":{"start":{"line":38,"column":53},"end":{"line":65,"column":5}},"line":38},"5":{"name":"(anonymous_5)","decl":{"start":{"line":44,"column":31},"end":{"line":44,"column":32}},"loc":{"start":{"line":44,"column":56},"end":{"line":46,"column":7}},"line":44},"6":{"name":"(anonymous_6)","decl":{"start":{"line":49,"column":32},"end":{"line":49,"column":33}},"loc":{"start":{"line":49,"column":57},"end":{"line":64,"column":7}},"line":49},"7":{"name":"(anonymous_7)","decl":{"start":{"line":59,"column":34},"end":{"line":59,"column":35}},"loc":{"start":{"line":59,"column":46},"end":{"line":61,"column":11}},"line":59},"8":{"name":"requestFeedback","decl":{"start":{"line":70,"column":9},"end":{"line":70,"column":24}},"loc":{"start":{"line":70,"column":41},"end":{"line":77,"column":1}},"line":70},"9":{"name":"(anonymous_9)","decl":{"start":{"line":80,"column":46},"end":{"line":80,"column":47}},"loc":{"start":{"line":80,"column":52},"end":{"line":87,"column":1}},"line":80}},"branchMap":{"0":{"loc":{"start":{"line":52,"column":8},"end":{"line":63,"column":9}},"type":"if","locations":[{"start":{"line":52,"column":8},"end":{"line":63,"column":9}},{"start":{},"end":{}}],"line":52}},"s":{"0":1,"1":1,"2":1,"3":0,"4":1,"5":1,"6":1,"7":1,"8":1,"9":1,"10":1,"11":1,"12":1,"13":1,"14":2,"15":2,"16":2,"17":1,"18":1,"19":1,"20":1,"21":1,"22":1,"23":1,"24":0,"25":1,"26":0,"27":0,"28":0,"29":1,"30":0,"31":1},"f":{"0":1,"1":0,"2":1,"3":1,"4":1,"5":1,"6":2,"7":0,"8":0,"9":0},"b":{"0":[1,1]},"_coverageSchema":"1a1c01bbd47fc00a2c39e90264f33305004495a9","hash":"9419cff0b0860cbb7f2564c1e5a9d6d5e697ef9c"}
,"C:\\Users\\dumam\\OneDrive\\Documents\\GitHub\\staff-relations-management\\dist\\createMealT.js": {"path":"C:\\Users\\dumam\\OneDrive\\Documents\\GitHub\\staff-relations-management\\dist\\createMealT.js","statementMap":{"0":{"start":{"line":3,"column":21},"end":{"line":26,"column":1}},"1":{"start":{"line":5,"column":30},"end":{"line":25,"column":3}},"2":{"start":{"line":6,"column":24},"end":{"line":19,"column":5}},"3":{"start":{"line":10,"column":8},"end":{"line":15,"column":10}},"4":{"start":{"line":12,"column":12},"end":{"line":12,"column":23}},"5":{"start":{"line":13,"column":12},"end":{"line":13,"column":37}},"6":{"start":{"line":29,"column":10},"end":{"line":29,"column":38}},"7":{"start":{"line":30,"column":9},"end":{"line":30,"column":38}},"8":{"start":{"line":31,"column":0},"end":{"line":34,"column":3}},"9":{"start":{"line":32,"column":2},"end":{"line":32,"column":110}},"10":{"start":{"line":32,"column":72},"end":{"line":32,"column":108}},"11":{"start":{"line":33,"column":2},"end":{"line":33,"column":27}},"12":{"start":{"line":38,"column":2},"end":{"line":38,"column":21}},"13":{"start":{"line":39,"column":17},"end":{"line":39,"column":58}},"14":{"start":{"line":40,"column":16},"end":{"line":40,"column":56}},"15":{"start":{"line":41,"column":15},"end":{"line":41,"column":54}},"16":{"start":{"line":42,"column":14},"end":{"line":42,"column":52}},"17":{"start":{"line":43,"column":14},"end":{"line":43,"column":52}},"18":{"start":{"line":44,"column":14},"end":{"line":44,"column":52}},"19":{"start":{"line":45,"column":17},"end":{"line":53,"column":3}},"20":{"start":{"line":54,"column":17},"end":{"line":54,"column":32}},"21":{"start":{"line":55,"column":2},"end":{"line":60,"column":5}},"22":{"start":{"line":56,"column":4},"end":{"line":56,"column":29}},"23":{"start":{"line":57,"column":4},"end":{"line":57,"column":48}},"24":{"start":{"line":59,"column":4},"end":{"line":59,"column":47}},"25":{"start":{"line":65,"column":17},"end":{"line":65,"column":32}},"26":{"start":{"line":66,"column":2},"end":{"line":89,"column":5}},"27":{"start":{"line":67,"column":16},"end":{"line":67,"column":30}},"28":{"start":{"line":68,"column":20},"end":{"line":68,"column":63}},"29":{"start":{"line":69,"column":4},"end":{"line":69,"column":29}},"30":{"start":{"line":70,"column":4},"end":{"line":88,"column":5}},"31":{"start":{"line":71,"column":6},"end":{"line":87,"column":7}},"32":{"start":{"line":72,"column":19},"end":{"line":72,"column":29}},"33":{"start":{"line":73,"column":18},"end":{"line":73,"column":39}},"34":{"start":{"line":74,"column":8},"end":{"line":86,"column":18}},"35":{"start":{"line":93,"column":0},"end":{"line":95,"column":2}},"36":{"start":{"line":94,"column":2},"end":{"line":94,"column":42}},"37":{"start":{"line":98,"column":16},"end":{"line":98,"column":38}},"38":{"start":{"line":99,"column":2},"end":{"line":128,"column":5}},"39":{"start":{"line":100,"column":19},"end":{"line":100,"column":33}},"40":{"start":{"line":101,"column":19},"end":{"line":101,"column":64}},"41":{"start":{"line":102,"column":18},"end":{"line":102,"column":60}},"42":{"start":{"line":103,"column":17},"end":{"line":103,"column":57}},"43":{"start":{"line":104,"column":16},"end":{"line":104,"column":54}},"44":{"start":{"line":105,"column":16},"end":{"line":105,"column":54}},"45":{"start":{"line":106,"column":16},"end":{"line":106,"column":54}},"46":{"start":{"line":107,"column":23},"end":{"line":107,"column":75}},"47":{"start":{"line":108,"column":4},"end":{"line":125,"column":5}},"48":{"start":{"line":109,"column":6},"end":{"line":122,"column":9}},"49":{"start":{"line":118,"column":8},"end":{"line":118,"column":33}},"50":{"start":{"line":120,"column":8},"end":{"line":120,"column":53}},"51":{"start":{"line":121,"column":8},"end":{"line":121,"column":60}},"52":{"start":{"line":124,"column":6},"end":{"line":124,"column":40}},"53":{"start":{"line":132,"column":0},"end":{"line":134,"column":2}},"54":{"start":{"line":133,"column":2},"end":{"line":133,"column":44}},"55":{"start":{"line":137,"column":22},"end":{"line":137,"column":75}},"56":{"start":{"line":138,"column":2},"end":{"line":146,"column":3}},"57":{"start":{"line":139,"column":18},"end":{"line":139,"column":40}},"58":{"start":{"line":140,"column":4},"end":{"line":145,"column":7}},"59":{"start":{"line":141,"column":6},"end":{"line":141,"column":31}},"60":{"start":{"line":143,"column":6},"end":{"line":143,"column":51}},"61":{"start":{"line":144,"column":6},"end":{"line":144,"column":58}},"62":{"start":{"line":149,"column":0},"end":{"line":155,"column":2}}},"fnMap":{"0":{"name":"(anonymous_0)","decl":{"start":{"line":5,"column":23},"end":{"line":5,"column":24}},"loc":{"start":{"line":5,"column":30},"end":{"line":25,"column":3}},"line":5},"1":{"name":"(anonymous_1)","decl":{"start":{"line":6,"column":17},"end":{"line":6,"column":18}},"loc":{"start":{"line":6,"column":24},"end":{"line":19,"column":5}},"line":6},"2":{"name":"(anonymous_2)","decl":{"start":{"line":9,"column":20},"end":{"line":9,"column":21}},"loc":{"start":{"line":9,"column":30},"end":{"line":16,"column":7}},"line":9},"3":{"name":"(anonymous_3)","decl":{"start":{"line":11,"column":16},"end":{"line":11,"column":17}},"loc":{"start":{"line":11,"column":30},"end":{"line":14,"column":11}},"line":11},"4":{"name":"(anonymous_4)","decl":{"start":{"line":31,"column":46},"end":{"line":31,"column":47}},"loc":{"start":{"line":31,"column":58},"end":{"line":34,"column":1}},"line":31},"5":{"name":"(anonymous_5)","decl":{"start":{"line":32,"column":65},"end":{"line":32,"column":66}},"loc":{"start":{"line":32,"column":72},"end":{"line":32,"column":108}},"line":32},"6":{"name":"addMeal","decl":{"start":{"line":37,"column":9},"end":{"line":37,"column":16}},"loc":{"start":{"line":37,"column":46},"end":{"line":61,"column":1}},"line":37},"7":{"name":"(anonymous_7)","decl":{"start":{"line":55,"column":31},"end":{"line":55,"column":32}},"loc":{"start":{"line":55,"column":43},"end":{"line":58,"column":3}},"line":55},"8":{"name":"(anonymous_8)","decl":{"start":{"line":58,"column":11},"end":{"line":58,"column":12}},"loc":{"start":{"line":58,"column":28},"end":{"line":60,"column":3}},"line":58},"9":{"name":"fetchMeals","decl":{"start":{"line":64,"column":9},"end":{"line":64,"column":19}},"loc":{"start":{"line":64,"column":34},"end":{"line":90,"column":1}},"line":64},"10":{"name":"(anonymous_10)","decl":{"start":{"line":66,"column":23},"end":{"line":66,"column":24}},"loc":{"start":{"line":66,"column":43},"end":{"line":89,"column":3}},"line":66},"11":{"name":"(anonymous_11)","decl":{"start":{"line":93,"column":18},"end":{"line":93,"column":19}},"loc":{"start":{"line":93,"column":33},"end":{"line":95,"column":1}},"line":93},"12":{"name":"editMeal","decl":{"start":{"line":97,"column":9},"end":{"line":97,"column":17}},"loc":{"start":{"line":97,"column":49},"end":{"line":129,"column":1}},"line":97},"13":{"name":"(anonymous_13)","decl":{"start":{"line":99,"column":22},"end":{"line":99,"column":23}},"loc":{"start":{"line":99,"column":42},"end":{"line":126,"column":3}},"line":99},"14":{"name":"(anonymous_14)","decl":{"start":{"line":117,"column":14},"end":{"line":117,"column":15}},"loc":{"start":{"line":117,"column":26},"end":{"line":119,"column":7}},"line":117},"15":{"name":"(anonymous_15)","decl":{"start":{"line":119,"column":15},"end":{"line":119,"column":16}},"loc":{"start":{"line":119,"column":32},"end":{"line":122,"column":7}},"line":119},"16":{"name":"(anonymous_16)","decl":{"start":{"line":132,"column":20},"end":{"line":132,"column":21}},"loc":{"start":{"line":132,"column":35},"end":{"line":134,"column":1}},"line":132},"17":{"name":"deleteMeal","decl":{"start":{"line":136,"column":9},"end":{"line":136,"column":19}},"loc":{"start":{"line":136,"column":51},"end":{"line":147,"column":1}},"line":136},"18":{"name":"(anonymous_18)","decl":{"start":{"line":140,"column":28},"end":{"line":140,"column":29}},"loc":{"start":{"line":140,"column":40},"end":{"line":142,"column":5}},"line":140},"19":{"name":"(anonymous_19)","decl":{"start":{"line":142,"column":13},"end":{"line":142,"column":14}},"loc":{"start":{"line":142,"column":30},"end":{"line":145,"column":5}},"line":142}},"branchMap":{"0":{"loc":{"start":{"line":71,"column":6},"end":{"line":87,"column":7}},"type":"if","locations":[{"start":{"line":71,"column":6},"end":{"line":87,"column":7}},{"start":{},"end":{}}],"line":71},"1":{"loc":{"start":{"line":108,"column":4},"end":{"line":125,"column":5}},"type":"if","locations":[{"start":{"line":108,"column":4},"end":{"line":125,"column":5}},{"start":{"line":123,"column":11},"end":{"line":125,"column":5}}],"line":108},"2":{"loc":{"start":{"line":108,"column":8},"end":{"line":108,"column":64}},"type":"binary-expr","locations":[{"start":{"line":108,"column":8},"end":{"line":108,"column":16}},{"start":{"line":108,"column":20},"end":{"line":108,"column":27}},{"start":{"line":108,"column":31},"end":{"line":108,"column":37}},{"start":{"line":108,"column":41},"end":{"line":108,"column":46}},{"start":{"line":108,"column":50},"end":{"line":108,"column":55}},{"start":{"line":108,"column":59},"end":{"line":108,"column":64}}],"line":108},"3":{"loc":{"start":{"line":138,"column":2},"end":{"line":146,"column":3}},"type":"if","locations":[{"start":{"line":138,"column":2},"end":{"line":146,"column":3}},{"start":{},"end":{}}],"line":138}},"s":{"0":1,"1":4,"2":1,"3":0,"4":0,"5":0,"6":1,"7":1,"8":1,"9":0,"10":0,"11":0,"12":1,"13":0,"14":0,"15":0,"16":0,"17":0,"18":0,"19":0,"20":0,"21":0,"22":0,"23":0,"24":0,"25":1,"26":1,"27":0,"28":0,"29":0,"30":0,"31":0,"32":0,"33":0,"34":0,"35":1,"36":0,"37":0,"38":0,"39":0,"40":0,"41":0,"42":0,"43":0,"44":0,"45":0,"46":0,"47":0,"48":0,"49":0,"50":0,"51":0,"52":0,"53":1,"54":0,"55":0,"56":0,"57":0,"58":0,"59":0,"60":0,"61":0,"62":1},"f":{"0":4,"1":1,"2":0,"3":0,"4":0,"5":0,"6":1,"7":0,"8":0,"9":1,"10":0,"11":0,"12":0,"13":0,"14":0,"15":0,"16":0,"17":0,"18":0,"19":0},"b":{"0":[0,0],"1":[0,0],"2":[0,0,0,0,0,0],"3":[0,0]},"_coverageSchema":"1a1c01bbd47fc00a2c39e90264f33305004495a9","hash":"301e6b5c8cd858981e42b857b7ab328fc152209a"}
,"C:\\Users\\dumam\\OneDrive\\Documents\\GitHub\\staff-relations-management\\dist\\eBookMealT.js": {"path":"C:\\Users\\dumam\\OneDrive\\Documents\\GitHub\\staff-relations-management\\dist\\eBookMealT.js","statementMap":{"0":{"start":{"line":3,"column":21},"end":{"line":12,"column":1}},"1":{"start":{"line":15,"column":21},"end":{"line":29,"column":1}},"2":{"start":{"line":16,"column":32},"end":{"line":16,"column":34}},"3":{"start":{"line":17,"column":30},"end":{"line":28,"column":3}},"4":{"start":{"line":18,"column":24},"end":{"line":23,"column":5}},"5":{"start":{"line":21,"column":27},"end":{"line":21,"column":48}},"6":{"start":{"line":26,"column":25},"end":{"line":26,"column":46}},"7":{"start":{"line":31,"column":20},"end":{"line":31,"column":60}},"8":{"start":{"line":34,"column":10},"end":{"line":34,"column":52}},"9":{"start":{"line":35,"column":9},"end":{"line":35,"column":38}},"10":{"start":{"line":38,"column":16},"end":{"line":38,"column":52}},"11":{"start":{"line":39,"column":23},"end":{"line":39,"column":66}},"12":{"start":{"line":40,"column":17},"end":{"line":40,"column":54}},"13":{"start":{"line":44,"column":15},"end":{"line":44,"column":30}},"14":{"start":{"line":45,"column":18},"end":{"line":45,"column":40}},"15":{"start":{"line":48,"column":0},"end":{"line":73,"column":3}},"16":{"start":{"line":49,"column":14},"end":{"line":49,"column":28}},"17":{"start":{"line":50,"column":2},"end":{"line":72,"column":3}},"18":{"start":{"line":52,"column":4},"end":{"line":52,"column":29}},"19":{"start":{"line":55,"column":4},"end":{"line":71,"column":7}},"20":{"start":{"line":56,"column":17},"end":{"line":56,"column":27}},"21":{"start":{"line":57,"column":19},"end":{"line":57,"column":48}},"22":{"start":{"line":58,"column":6},"end":{"line":58,"column":42}},"23":{"start":{"line":59,"column":6},"end":{"line":69,"column":8}},"24":{"start":{"line":70,"column":6},"end":{"line":70,"column":36}},"25":{"start":{"line":76,"column":0},"end":{"line":110,"column":2}},"26":{"start":{"line":77,"column":21},"end":{"line":77,"column":54}},"27":{"start":{"line":78,"column":2},"end":{"line":109,"column":3}},"28":{"start":{"line":79,"column":29},"end":{"line":79,"column":78}},"29":{"start":{"line":80,"column":4},"end":{"line":108,"column":5}},"30":{"start":{"line":81,"column":24},"end":{"line":81,"column":48}},"31":{"start":{"line":82,"column":20},"end":{"line":82,"column":46}},"32":{"start":{"line":85,"column":6},"end":{"line":105,"column":9}},"33":{"start":{"line":86,"column":23},"end":{"line":86,"column":37}},"34":{"start":{"line":87,"column":8},"end":{"line":104,"column":9}},"35":{"start":{"line":88,"column":25},"end":{"line":88,"column":42}},"36":{"start":{"line":89,"column":30},"end":{"line":89,"column":50}},"37":{"start":{"line":90,"column":10},"end":{"line":103,"column":13}},"38":{"start":{"line":96,"column":12},"end":{"line":96,"column":89}},"39":{"start":{"line":97,"column":12},"end":{"line":97,"column":50}},"40":{"start":{"line":98,"column":12},"end":{"line":98,"column":78}},"41":{"start":{"line":99,"column":12},"end":{"line":99,"column":32}},"42":{"start":{"line":101,"column":12},"end":{"line":101,"column":56}},"43":{"start":{"line":102,"column":12},"end":{"line":102,"column":87}},"44":{"start":{"line":107,"column":6},"end":{"line":107,"column":45}},"45":{"start":{"line":115,"column":2},"end":{"line":129,"column":5}},"46":{"start":{"line":116,"column":24},"end":{"line":116,"column":77}},"47":{"start":{"line":117,"column":4},"end":{"line":128,"column":5}},"48":{"start":{"line":118,"column":26},"end":{"line":118,"column":72}},"49":{"start":{"line":119,"column":23},"end":{"line":119,"column":62}},"50":{"start":{"line":120,"column":6},"end":{"line":127,"column":9}},"51":{"start":{"line":121,"column":8},"end":{"line":121,"column":55}},"52":{"start":{"line":122,"column":8},"end":{"line":122,"column":45}},"53":{"start":{"line":123,"column":8},"end":{"line":123,"column":28}},"54":{"start":{"line":125,"column":8},"end":{"line":125,"column":55}},"55":{"start":{"line":126,"column":8},"end":{"line":126,"column":86}},"56":{"start":{"line":133,"column":0},"end":{"line":133,"column":67}},"57":{"start":{"line":137,"column":2},"end":{"line":157,"column":5}},"58":{"start":{"line":138,"column":19},"end":{"line":138,"column":33}},"59":{"start":{"line":139,"column":4},"end":{"line":156,"column":5}},"60":{"start":{"line":141,"column":18},"end":{"line":141,"column":57}},"61":{"start":{"line":142,"column":6},"end":{"line":142,"column":27}},"62":{"start":{"line":145,"column":6},"end":{"line":155,"column":9}},"63":{"start":{"line":146,"column":22},"end":{"line":146,"column":35}},"64":{"start":{"line":147,"column":18},"end":{"line":147,"column":46}},"65":{"start":{"line":148,"column":8},"end":{"line":153,"column":10}},"66":{"start":{"line":154,"column":8},"end":{"line":154,"column":31}},"67":{"start":{"line":161,"column":0},"end":{"line":169,"column":2}},"68":{"start":{"line":162,"column":19},"end":{"line":162,"column":55}},"69":{"start":{"line":163,"column":2},"end":{"line":168,"column":5}},"70":{"start":{"line":164,"column":4},"end":{"line":164,"column":24}},"71":{"start":{"line":166,"column":4},"end":{"line":166,"column":52}},"72":{"start":{"line":167,"column":4},"end":{"line":167,"column":83}},"73":{"start":{"line":172,"column":0},"end":{"line":172,"column":20}},"74":{"start":{"line":174,"column":0},"end":{"line":180,"column":2}}},"fnMap":{"0":{"name":"(anonymous_0)","decl":{"start":{"line":16,"column":25},"end":{"line":16,"column":26}},"loc":{"start":{"line":16,"column":32},"end":{"line":16,"column":34}},"line":16},"1":{"name":"(anonymous_1)","decl":{"start":{"line":17,"column":23},"end":{"line":17,"column":24}},"loc":{"start":{"line":17,"column":30},"end":{"line":28,"column":3}},"line":17},"2":{"name":"(anonymous_2)","decl":{"start":{"line":18,"column":17},"end":{"line":18,"column":18}},"loc":{"start":{"line":18,"column":24},"end":{"line":23,"column":5}},"line":18},"3":{"name":"(anonymous_3)","decl":{"start":{"line":21,"column":20},"end":{"line":21,"column":21}},"loc":{"start":{"line":21,"column":27},"end":{"line":21,"column":48}},"line":21},"4":{"name":"(anonymous_4)","decl":{"start":{"line":26,"column":18},"end":{"line":26,"column":19}},"loc":{"start":{"line":26,"column":25},"end":{"line":26,"column":46}},"line":26},"5":{"name":"(anonymous_5)","decl":{"start":{"line":48,"column":21},"end":{"line":48,"column":22}},"loc":{"start":{"line":48,"column":41},"end":{"line":73,"column":1}},"line":48},"6":{"name":"(anonymous_6)","decl":{"start":{"line":55,"column":31},"end":{"line":55,"column":32}},"loc":{"start":{"line":55,"column":46},"end":{"line":71,"column":5}},"line":55},"7":{"name":"(anonymous_7)","decl":{"start":{"line":76,"column":18},"end":{"line":76,"column":19}},"loc":{"start":{"line":76,"column":37},"end":{"line":110,"column":1}},"line":76},"8":{"name":"(anonymous_8)","decl":{"start":{"line":85,"column":26},"end":{"line":85,"column":27}},"loc":{"start":{"line":85,"column":46},"end":{"line":105,"column":7}},"line":85},"9":{"name":"(anonymous_9)","decl":{"start":{"line":95,"column":18},"end":{"line":95,"column":19}},"loc":{"start":{"line":95,"column":30},"end":{"line":100,"column":11}},"line":95},"10":{"name":"(anonymous_10)","decl":{"start":{"line":100,"column":19},"end":{"line":100,"column":20}},"loc":{"start":{"line":100,"column":36},"end":{"line":103,"column":11}},"line":100},"11":{"name":"setupEventListeners","decl":{"start":{"line":113,"column":9},"end":{"line":113,"column":28}},"loc":{"start":{"line":113,"column":31},"end":{"line":130,"column":1}},"line":113},"12":{"name":"(anonymous_12)","decl":{"start":{"line":115,"column":42},"end":{"line":115,"column":43}},"loc":{"start":{"line":115,"column":54},"end":{"line":129,"column":3}},"line":115},"13":{"name":"(anonymous_13)","decl":{"start":{"line":120,"column":33},"end":{"line":120,"column":34}},"loc":{"start":{"line":120,"column":45},"end":{"line":124,"column":7}},"line":120},"14":{"name":"(anonymous_14)","decl":{"start":{"line":124,"column":15},"end":{"line":124,"column":16}},"loc":{"start":{"line":124,"column":32},"end":{"line":127,"column":7}},"line":124},"15":{"name":"fetchMealBookings","decl":{"start":{"line":136,"column":9},"end":{"line":136,"column":26}},"loc":{"start":{"line":136,"column":29},"end":{"line":158,"column":1}},"line":136},"16":{"name":"(anonymous_16)","decl":{"start":{"line":137,"column":26},"end":{"line":137,"column":27}},"loc":{"start":{"line":137,"column":46},"end":{"line":157,"column":3}},"line":137},"17":{"name":"(anonymous_17)","decl":{"start":{"line":145,"column":36},"end":{"line":145,"column":37}},"loc":{"start":{"line":145,"column":51},"end":{"line":155,"column":7}},"line":145},"18":{"name":"(anonymous_18)","decl":{"start":{"line":161,"column":23},"end":{"line":161,"column":24}},"loc":{"start":{"line":161,"column":45},"end":{"line":169,"column":1}},"line":161},"19":{"name":"(anonymous_19)","decl":{"start":{"line":163,"column":29},"end":{"line":163,"column":30}},"loc":{"start":{"line":163,"column":41},"end":{"line":165,"column":3}},"line":163},"20":{"name":"(anonymous_20)","decl":{"start":{"line":165,"column":11},"end":{"line":165,"column":12}},"loc":{"start":{"line":165,"column":28},"end":{"line":168,"column":3}},"line":165}},"branchMap":{"0":{"loc":{"start":{"line":50,"column":2},"end":{"line":72,"column":3}},"type":"if","locations":[{"start":{"line":50,"column":2},"end":{"line":72,"column":3}},{"start":{},"end":{}}],"line":50},"1":{"loc":{"start":{"line":78,"column":2},"end":{"line":109,"column":3}},"type":"if","locations":[{"start":{"line":78,"column":2},"end":{"line":109,"column":3}},{"start":{},"end":{}}],"line":78},"2":{"loc":{"start":{"line":80,"column":4},"end":{"line":108,"column":5}},"type":"if","locations":[{"start":{"line":80,"column":4},"end":{"line":108,"column":5}},{"start":{"line":106,"column":11},"end":{"line":108,"column":5}}],"line":80},"3":{"loc":{"start":{"line":80,"column":8},"end":{"line":80,"column":54}},"type":"binary-expr","locations":[{"start":{"line":80,"column":8},"end":{"line":80,"column":26}},{"start":{"line":80,"column":30},"end":{"line":80,"column":54}}],"line":80},"4":{"loc":{"start":{"line":87,"column":8},"end":{"line":104,"column":9}},"type":"if","locations":[{"start":{"line":87,"column":8},"end":{"line":104,"column":9}},{"start":{},"end":{}}],"line":87},"5":{"loc":{"start":{"line":117,"column":4},"end":{"line":128,"column":5}},"type":"if","locations":[{"start":{"line":117,"column":4},"end":{"line":128,"column":5}},{"start":{},"end":{}}],"line":117},"6":{"loc":{"start":{"line":139,"column":4},"end":{"line":156,"column":5}},"type":"if","locations":[{"start":{"line":139,"column":4},"end":{"line":156,"column":5}},{"start":{},"end":{}}],"line":139}},"s":{"0":1,"1":1,"2":1,"3":2,"4":3,"5":0,"6":0,"7":1,"8":1,"9":1,"10":1,"11":1,"12":1,"13":1,"14":1,"15":1,"16":0,"17":0,"18":0,"19":0,"20":0,"21":0,"22":0,"23":0,"24":0,"25":1,"26":2,"27":2,"28":1,"29":1,"30":0,"31":0,"32":0,"33":0,"34":0,"35":0,"36":0,"37":0,"38":0,"39":0,"40":0,"41":0,"42":0,"43":0,"44":1,"45":0,"46":0,"47":0,"48":0,"49":0,"50":0,"51":0,"52":0,"53":0,"54":0,"55":0,"56":1,"57":1,"58":0,"59":0,"60":0,"61":0,"62":0,"63":0,"64":0,"65":0,"66":0,"67":1,"68":0,"69":0,"70":0,"71":0,"72":0,"73":1,"74":1},"f":{"0":1,"1":2,"2":3,"3":0,"4":0,"5":0,"6":0,"7":2,"8":0,"9":0,"10":0,"11":0,"12":0,"13":0,"14":0,"15":1,"16":0,"17":0,"18":0,"19":0,"20":0},"b":{"0":[0,0],"1":[1,1],"2":[0,1],"3":[1,0],"4":[0,0],"5":[0,0],"6":[0,0]},"_coverageSchema":"1a1c01bbd47fc00a2c39e90264f33305004495a9","hash":"397a41128616ab001e7793594f8b935bc276b372"}
,"C:\\Users\\dumam\\OneDrive\\Documents\\GitHub\\staff-relations-management\\dist\\eBookingT.js": {"path":"C:\\Users\\dumam\\OneDrive\\Documents\\GitHub\\staff-relations-management\\dist\\eBookingT.js","statementMap":{"0":{"start":{"line":3,"column":21},"end":{"line":12,"column":1}},"1":{"start":{"line":14,"column":21},"end":{"line":26,"column":1}},"2":{"start":{"line":16,"column":30},"end":{"line":25,"column":3}},"3":{"start":{"line":17,"column":24},"end":{"line":23,"column":5}},"4":{"start":{"line":18,"column":35},"end":{"line":22,"column":7}},"5":{"start":{"line":19,"column":32},"end":{"line":21,"column":9}},"6":{"start":{"line":29,"column":10},"end":{"line":29,"column":52}},"7":{"start":{"line":30,"column":9},"end":{"line":30,"column":38}},"8":{"start":{"line":34,"column":2},"end":{"line":34,"column":83}},"9":{"start":{"line":38,"column":2},"end":{"line":38,"column":21}},"10":{"start":{"line":39,"column":13},"end":{"line":39,"column":50}},"11":{"start":{"line":40,"column":14},"end":{"line":40,"column":52}},"12":{"start":{"line":41,"column":13},"end":{"line":41,"column":50}},"13":{"start":{"line":43,"column":2},"end":{"line":60,"column":5}},"14":{"start":{"line":44,"column":4},"end":{"line":59,"column":5}},"15":{"start":{"line":45,"column":24},"end":{"line":45,"column":42}},"16":{"start":{"line":46,"column":6},"end":{"line":56,"column":9}},"17":{"start":{"line":51,"column":8},"end":{"line":51,"column":24}},"18":{"start":{"line":52,"column":8},"end":{"line":52,"column":55}},"19":{"start":{"line":54,"column":8},"end":{"line":54,"column":55}},"20":{"start":{"line":55,"column":8},"end":{"line":55,"column":60}},"21":{"start":{"line":58,"column":6},"end":{"line":58,"column":60}},"22":{"start":{"line":64,"column":20},"end":{"line":64,"column":38}},"23":{"start":{"line":65,"column":25},"end":{"line":65,"column":47}},"24":{"start":{"line":66,"column":23},"end":{"line":66,"column":43}},"25":{"start":{"line":67,"column":10},"end":{"line":67,"column":67}},"26":{"start":{"line":68,"column":2},"end":{"line":82,"column":5}},"27":{"start":{"line":69,"column":19},"end":{"line":69,"column":33}},"28":{"start":{"line":70,"column":16},"end":{"line":70,"column":17}},"29":{"start":{"line":71,"column":4},"end":{"line":78,"column":5}},"30":{"start":{"line":72,"column":6},"end":{"line":77,"column":7}},"31":{"start":{"line":73,"column":26},"end":{"line":73,"column":44}},"32":{"start":{"line":74,"column":8},"end":{"line":76,"column":9}},"33":{"start":{"line":75,"column":10},"end":{"line":75,"column":18}},"34":{"start":{"line":79,"column":4},"end":{"line":79,"column":24}},"35":{"start":{"line":86,"column":13},"end":{"line":86,"column":30}},"36":{"start":{"line":87,"column":12},"end":{"line":87,"column":25}},"37":{"start":{"line":88,"column":13},"end":{"line":88,"column":56}},"38":{"start":{"line":89,"column":2},"end":{"line":89,"column":66}},"39":{"start":{"line":93,"column":13},"end":{"line":93,"column":30}},"40":{"start":{"line":94,"column":12},"end":{"line":94,"column":25}},"41":{"start":{"line":95,"column":13},"end":{"line":95,"column":39}},"42":{"start":{"line":96,"column":2},"end":{"line":96,"column":66}},"43":{"start":{"line":100,"column":20},"end":{"line":100,"column":38}},"44":{"start":{"line":101,"column":2},"end":{"line":112,"column":5}},"45":{"start":{"line":102,"column":19},"end":{"line":102,"column":33}},"46":{"start":{"line":103,"column":20},"end":{"line":103,"column":66}},"47":{"start":{"line":104,"column":4},"end":{"line":104,"column":29}},"48":{"start":{"line":105,"column":4},"end":{"line":111,"column":5}},"49":{"start":{"line":106,"column":6},"end":{"line":110,"column":7}},"50":{"start":{"line":107,"column":22},"end":{"line":107,"column":35}},"51":{"start":{"line":108,"column":18},"end":{"line":108,"column":39}},"52":{"start":{"line":109,"column":8},"end":{"line":109,"column":287}},"53":{"start":{"line":116,"column":0},"end":{"line":168,"column":2}},"54":{"start":{"line":117,"column":20},"end":{"line":117,"column":71}},"55":{"start":{"line":118,"column":2},"end":{"line":167,"column":3}},"56":{"start":{"line":119,"column":21},"end":{"line":119,"column":52}},"57":{"start":{"line":121,"column":4},"end":{"line":166,"column":7}},"58":{"start":{"line":122,"column":24},"end":{"line":122,"column":38}},"59":{"start":{"line":124,"column":6},"end":{"line":124,"column":63}},"60":{"start":{"line":125,"column":6},"end":{"line":125,"column":65}},"61":{"start":{"line":126,"column":6},"end":{"line":126,"column":63}},"62":{"start":{"line":128,"column":17},"end":{"line":128,"column":55}},"63":{"start":{"line":129,"column":6},"end":{"line":129,"column":56}},"64":{"start":{"line":130,"column":6},"end":{"line":163,"column":9}},"65":{"start":{"line":131,"column":8},"end":{"line":131,"column":27}},"66":{"start":{"line":133,"column":26},"end":{"line":133,"column":63}},"67":{"start":{"line":134,"column":27},"end":{"line":134,"column":65}},"68":{"start":{"line":135,"column":26},"end":{"line":135,"column":63}},"69":{"start":{"line":137,"column":26},"end":{"line":137,"column":44}},"70":{"start":{"line":138,"column":8},"end":{"line":162,"column":11}},"71":{"start":{"line":139,"column":10},"end":{"line":161,"column":11}},"72":{"start":{"line":140,"column":12},"end":{"line":158,"column":15}},"73":{"start":{"line":141,"column":14},"end":{"line":154,"column":17}},"74":{"start":{"line":146,"column":16},"end":{"line":146,"column":32}},"75":{"start":{"line":147,"column":16},"end":{"line":147,"column":29}},"76":{"start":{"line":149,"column":16},"end":{"line":149,"column":66}},"77":{"start":{"line":150,"column":16},"end":{"line":150,"column":63}},"78":{"start":{"line":152,"column":16},"end":{"line":152,"column":64}},"79":{"start":{"line":153,"column":16},"end":{"line":153,"column":68}},"80":{"start":{"line":156,"column":14},"end":{"line":156,"column":66}},"81":{"start":{"line":157,"column":14},"end":{"line":157,"column":73}},"82":{"start":{"line":160,"column":12},"end":{"line":160,"column":66}},"83":{"start":{"line":171,"column":0},"end":{"line":182,"column":2}},"84":{"start":{"line":172,"column":22},"end":{"line":172,"column":78}},"85":{"start":{"line":173,"column":2},"end":{"line":181,"column":3}},"86":{"start":{"line":174,"column":21},"end":{"line":174,"column":52}},"87":{"start":{"line":175,"column":4},"end":{"line":180,"column":7}},"88":{"start":{"line":176,"column":6},"end":{"line":176,"column":22}},"89":{"start":{"line":178,"column":6},"end":{"line":178,"column":54}},"90":{"start":{"line":179,"column":6},"end":{"line":179,"column":57}},"91":{"start":{"line":185,"column":0},"end":{"line":185,"column":16}},"92":{"start":{"line":187,"column":0},"end":{"line":192,"column":2}}},"fnMap":{"0":{"name":"(anonymous_0)","decl":{"start":{"line":16,"column":23},"end":{"line":16,"column":24}},"loc":{"start":{"line":16,"column":30},"end":{"line":25,"column":3}},"line":16},"1":{"name":"(anonymous_1)","decl":{"start":{"line":17,"column":17},"end":{"line":17,"column":18}},"loc":{"start":{"line":17,"column":24},"end":{"line":23,"column":5}},"line":17},"2":{"name":"(anonymous_2)","decl":{"start":{"line":18,"column":28},"end":{"line":18,"column":29}},"loc":{"start":{"line":18,"column":35},"end":{"line":22,"column":7}},"line":18},"3":{"name":"(anonymous_3)","decl":{"start":{"line":19,"column":25},"end":{"line":19,"column":26}},"loc":{"start":{"line":19,"column":32},"end":{"line":21,"column":9}},"line":19},"4":{"name":"setupFormSubmission","decl":{"start":{"line":33,"column":9},"end":{"line":33,"column":28}},"loc":{"start":{"line":33,"column":54},"end":{"line":35,"column":1}},"line":33},"5":{"name":"submitHandler","decl":{"start":{"line":37,"column":9},"end":{"line":37,"column":22}},"loc":{"start":{"line":37,"column":76},"end":{"line":61,"column":1}},"line":37},"6":{"name":"(anonymous_6)","decl":{"start":{"line":43,"column":33},"end":{"line":43,"column":34}},"loc":{"start":{"line":43,"column":52},"end":{"line":60,"column":3}},"line":43},"7":{"name":"(anonymous_7)","decl":{"start":{"line":50,"column":14},"end":{"line":50,"column":15}},"loc":{"start":{"line":50,"column":26},"end":{"line":53,"column":7}},"line":50},"8":{"name":"(anonymous_8)","decl":{"start":{"line":53,"column":15},"end":{"line":53,"column":16}},"loc":{"start":{"line":53,"column":32},"end":{"line":56,"column":7}},"line":53},"9":{"name":"checkBookingLimit","decl":{"start":{"line":63,"column":9},"end":{"line":63,"column":26}},"loc":{"start":{"line":63,"column":50},"end":{"line":83,"column":1}},"line":63},"10":{"name":"(anonymous_10)","decl":{"start":{"line":68,"column":16},"end":{"line":68,"column":17}},"loc":{"start":{"line":68,"column":36},"end":{"line":80,"column":3}},"line":68},"11":{"name":"getWeekStartDate","decl":{"start":{"line":85,"column":9},"end":{"line":85,"column":25}},"loc":{"start":{"line":85,"column":35},"end":{"line":90,"column":1}},"line":85},"12":{"name":"getWeekEndDate","decl":{"start":{"line":92,"column":9},"end":{"line":92,"column":23}},"loc":{"start":{"line":92,"column":33},"end":{"line":97,"column":1}},"line":92},"13":{"name":"fetchBookings","decl":{"start":{"line":99,"column":9},"end":{"line":99,"column":22}},"loc":{"start":{"line":99,"column":25},"end":{"line":113,"column":1}},"line":99},"14":{"name":"(anonymous_14)","decl":{"start":{"line":101,"column":26},"end":{"line":101,"column":27}},"loc":{"start":{"line":101,"column":46},"end":{"line":112,"column":3}},"line":101},"15":{"name":"(anonymous_15)","decl":{"start":{"line":116,"column":21},"end":{"line":116,"column":22}},"loc":{"start":{"line":116,"column":36},"end":{"line":168,"column":1}},"line":116},"16":{"name":"(anonymous_16)","decl":{"start":{"line":121,"column":27},"end":{"line":121,"column":28}},"loc":{"start":{"line":121,"column":47},"end":{"line":164,"column":5}},"line":121},"17":{"name":"updateHandler","decl":{"start":{"line":130,"column":47},"end":{"line":130,"column":60}},"loc":{"start":{"line":130,"column":64},"end":{"line":163,"column":7}},"line":130},"18":{"name":"(anonymous_18)","decl":{"start":{"line":138,"column":53},"end":{"line":138,"column":54}},"loc":{"start":{"line":138,"column":72},"end":{"line":162,"column":9}},"line":138},"19":{"name":"(anonymous_19)","decl":{"start":{"line":140,"column":39},"end":{"line":140,"column":40}},"loc":{"start":{"line":140,"column":51},"end":{"line":155,"column":13}},"line":140},"20":{"name":"(anonymous_20)","decl":{"start":{"line":145,"column":22},"end":{"line":145,"column":23}},"loc":{"start":{"line":145,"column":34},"end":{"line":151,"column":15}},"line":145},"21":{"name":"(anonymous_21)","decl":{"start":{"line":151,"column":23},"end":{"line":151,"column":24}},"loc":{"start":{"line":151,"column":40},"end":{"line":154,"column":15}},"line":151},"22":{"name":"(anonymous_22)","decl":{"start":{"line":155,"column":21},"end":{"line":155,"column":22}},"loc":{"start":{"line":155,"column":38},"end":{"line":158,"column":13}},"line":155},"23":{"name":"(anonymous_23)","decl":{"start":{"line":171,"column":23},"end":{"line":171,"column":24}},"loc":{"start":{"line":171,"column":38},"end":{"line":182,"column":1}},"line":171},"24":{"name":"(anonymous_24)","decl":{"start":{"line":175,"column":31},"end":{"line":175,"column":32}},"loc":{"start":{"line":175,"column":43},"end":{"line":177,"column":5}},"line":175},"25":{"name":"(anonymous_25)","decl":{"start":{"line":177,"column":13},"end":{"line":177,"column":14}},"loc":{"start":{"line":177,"column":30},"end":{"line":180,"column":5}},"line":177}},"branchMap":{"0":{"loc":{"start":{"line":44,"column":4},"end":{"line":59,"column":5}},"type":"if","locations":[{"start":{"line":44,"column":4},"end":{"line":59,"column":5}},{"start":{"line":57,"column":11},"end":{"line":59,"column":5}}],"line":44},"1":{"loc":{"start":{"line":72,"column":6},"end":{"line":77,"column":7}},"type":"if","locations":[{"start":{"line":72,"column":6},"end":{"line":77,"column":7}},{"start":{},"end":{}}],"line":72},"2":{"loc":{"start":{"line":74,"column":8},"end":{"line":76,"column":9}},"type":"if","locations":[{"start":{"line":74,"column":8},"end":{"line":76,"column":9}},{"start":{},"end":{}}],"line":74},"3":{"loc":{"start":{"line":74,"column":12},"end":{"line":74,"column":76}},"type":"binary-expr","locations":[{"start":{"line":74,"column":12},"end":{"line":74,"column":43}},{"start":{"line":74,"column":47},"end":{"line":74,"column":76}}],"line":74},"4":{"loc":{"start":{"line":88,"column":37},"end":{"line":88,"column":55}},"type":"cond-expr","locations":[{"start":{"line":88,"column":49},"end":{"line":88,"column":51}},{"start":{"line":88,"column":54},"end":{"line":88,"column":55}}],"line":88},"5":{"loc":{"start":{"line":106,"column":6},"end":{"line":110,"column":7}},"type":"if","locations":[{"start":{"line":106,"column":6},"end":{"line":110,"column":7}},{"start":{},"end":{}}],"line":106},"6":{"loc":{"start":{"line":118,"column":2},"end":{"line":167,"column":3}},"type":"if","locations":[{"start":{"line":118,"column":2},"end":{"line":167,"column":3}},{"start":{},"end":{}}],"line":118},"7":{"loc":{"start":{"line":139,"column":10},"end":{"line":161,"column":11}},"type":"if","locations":[{"start":{"line":139,"column":10},"end":{"line":161,"column":11}},{"start":{"line":159,"column":17},"end":{"line":161,"column":11}}],"line":139},"8":{"loc":{"start":{"line":173,"column":2},"end":{"line":181,"column":3}},"type":"if","locations":[{"start":{"line":173,"column":2},"end":{"line":181,"column":3}},{"start":{},"end":{}}],"line":173}},"s":{"0":1,"1":1,"2":1,"3":3,"4":0,"5":0,"6":1,"7":1,"8":1,"9":1,"10":1,"11":1,"12":1,"13":1,"14":0,"15":0,"16":0,"17":0,"18":0,"19":0,"20":0,"21":0,"22":1,"23":1,"24":1,"25":1,"26":1,"27":0,"28":0,"29":0,"30":0,"31":0,"32":0,"33":0,"34":0,"35":1,"36":1,"37":1,"38":1,"39":1,"40":1,"41":1,"42":1,"43":2,"44":2,"45":0,"46":0,"47":0,"48":0,"49":0,"50":0,"51":0,"52":0,"53":1,"54":0,"55":0,"56":0,"57":0,"58":0,"59":0,"60":0,"61":0,"62":0,"63":0,"64":0,"65":0,"66":0,"67":0,"68":0,"69":0,"70":0,"71":0,"72":0,"73":0,"74":0,"75":0,"76":0,"77":0,"78":0,"79":0,"80":0,"81":0,"82":0,"83":1,"84":0,"85":0,"86":0,"87":0,"88":0,"89":0,"90":0,"91":1,"92":1},"f":{"0":1,"1":3,"2":0,"3":0,"4":1,"5":1,"6":0,"7":0,"8":0,"9":1,"10":0,"11":1,"12":1,"13":2,"14":0,"15":0,"16":0,"17":0,"18":0,"19":0,"20":0,"21":0,"22":0,"23":0,"24":0,"25":0},"b":{"0":[0,0],"1":[0,0],"2":[0,0],"3":[0,0],"4":[0,1],"5":[0,0],"6":[0,0],"7":[0,0],"8":[0,0]},"_coverageSchema":"1a1c01bbd47fc00a2c39e90264f33305004495a9","hash":"6c2b8741cf0988de5b1b2eee84c2d4109316d564"}
,"C:\\Users\\dumam\\OneDrive\\Documents\\GitHub\\staff-relations-management\\dist\\eTimesheetT.js": {"path":"C:\\Users\\dumam\\OneDrive\\Documents\\GitHub\\staff-relations-management\\dist\\eTimesheetT.js","statementMap":{"0":{"start":{"line":2,"column":21},"end":{"line":19,"column":1}},"1":{"start":{"line":4,"column":30},"end":{"line":16,"column":3}},"2":{"start":{"line":5,"column":24},"end":{"line":10,"column":5}},"3":{"start":{"line":22,"column":12},"end":{"line":22,"column":40}},"4":{"start":{"line":23,"column":17},"end":{"line":23,"column":43}},"5":{"start":{"line":24,"column":17},"end":{"line":24,"column":52}},"6":{"start":{"line":28,"column":14},"end":{"line":28,"column":43}},"7":{"start":{"line":29,"column":2},"end":{"line":29,"column":45}},"8":{"start":{"line":30,"column":2},"end":{"line":30,"column":52}},"9":{"start":{"line":31,"column":15},"end":{"line":31,"column":45}},"10":{"start":{"line":32,"column":2},"end":{"line":32,"column":42}},"11":{"start":{"line":33,"column":2},"end":{"line":33,"column":68}},"12":{"start":{"line":33,"column":19},"end":{"line":33,"column":60}},"13":{"start":{"line":38,"column":16},"end":{"line":38,"column":51}},"14":{"start":{"line":39,"column":14},"end":{"line":39,"column":47}},"15":{"start":{"line":40,"column":15},"end":{"line":40,"column":35}},"16":{"start":{"line":41,"column":16},"end":{"line":41,"column":39}},"17":{"start":{"line":42,"column":18},"end":{"line":42,"column":48}},"18":{"start":{"line":43,"column":2},"end":{"line":43,"column":59}},"19":{"start":{"line":48,"column":23},"end":{"line":48,"column":68}},"20":{"start":{"line":49,"column":24},"end":{"line":49,"column":70}},"21":{"start":{"line":50,"column":15},"end":{"line":50,"column":52}},"22":{"start":{"line":51,"column":15},"end":{"line":51,"column":52}},"23":{"start":{"line":52,"column":20},"end":{"line":52,"column":62}},"24":{"start":{"line":53,"column":18},"end":{"line":53,"column":58}},"25":{"start":{"line":55,"column":15},"end":{"line":55,"column":17}},"26":{"start":{"line":56,"column":26},"end":{"line":56,"column":60}},"27":{"start":{"line":57,"column":25},"end":{"line":57,"column":59}},"28":{"start":{"line":58,"column":2},"end":{"line":62,"column":3}},"29":{"start":{"line":59,"column":4},"end":{"line":59,"column":27}},"30":{"start":{"line":60,"column":9},"end":{"line":62,"column":3}},"31":{"start":{"line":61,"column":4},"end":{"line":61,"column":25}},"32":{"start":{"line":63,"column":19},"end":{"line":63,"column":44}},"33":{"start":{"line":65,"column":2},"end":{"line":72,"column":5}},"34":{"start":{"line":74,"column":2},"end":{"line":74,"column":38}},"35":{"start":{"line":76,"column":2},"end":{"line":76,"column":53}},"36":{"start":{"line":77,"column":2},"end":{"line":77,"column":54}},"37":{"start":{"line":78,"column":2},"end":{"line":78,"column":45}},"38":{"start":{"line":79,"column":2},"end":{"line":79,"column":45}},"39":{"start":{"line":80,"column":2},"end":{"line":80,"column":50}},"40":{"start":{"line":81,"column":2},"end":{"line":81,"column":48}},"41":{"start":{"line":82,"column":2},"end":{"line":82,"column":34}},"42":{"start":{"line":83,"column":2},"end":{"line":83,"column":33}},"43":{"start":{"line":88,"column":19},"end":{"line":88,"column":44}},"44":{"start":{"line":89,"column":18},"end":{"line":89,"column":63}},"45":{"start":{"line":90,"column":2},"end":{"line":90,"column":19}},"46":{"start":{"line":91,"column":2},"end":{"line":91,"column":39}},"47":{"start":{"line":96,"column":20},"end":{"line":96,"column":56}},"48":{"start":{"line":97,"column":2},"end":{"line":97,"column":27}},"49":{"start":{"line":99,"column":2},"end":{"line":124,"column":5}},"50":{"start":{"line":100,"column":18},"end":{"line":100,"column":32}},"51":{"start":{"line":101,"column":4},"end":{"line":123,"column":5}},"52":{"start":{"line":102,"column":6},"end":{"line":120,"column":9}},"53":{"start":{"line":103,"column":21},"end":{"line":103,"column":34}},"54":{"start":{"line":104,"column":8},"end":{"line":119,"column":9}},"55":{"start":{"line":105,"column":25},"end":{"line":105,"column":53}},"56":{"start":{"line":106,"column":10},"end":{"line":117,"column":12}},"57":{"start":{"line":118,"column":10},"end":{"line":118,"column":40}},"58":{"start":{"line":122,"column":6},"end":{"line":122,"column":43}},"59":{"start":{"line":129,"column":2},"end":{"line":129,"column":21}},"60":{"start":{"line":130,"column":16},"end":{"line":130,"column":58}},"61":{"start":{"line":131,"column":2},"end":{"line":135,"column":3}},"62":{"start":{"line":132,"column":4},"end":{"line":132,"column":33}},"63":{"start":{"line":134,"column":4},"end":{"line":134,"column":58}},"64":{"start":{"line":139,"column":30},"end":{"line":139,"column":78}},"65":{"start":{"line":140,"column":0},"end":{"line":142,"column":1}},"66":{"start":{"line":141,"column":2},"end":{"line":141,"column":65}},"67":{"start":{"line":144,"column":26},"end":{"line":144,"column":64}},"68":{"start":{"line":145,"column":0},"end":{"line":149,"column":1}},"69":{"start":{"line":146,"column":2},"end":{"line":148,"column":5}},"70":{"start":{"line":147,"column":4},"end":{"line":147,"column":29}},"71":{"start":{"line":151,"column":26},"end":{"line":151,"column":64}},"72":{"start":{"line":152,"column":0},"end":{"line":156,"column":1}},"73":{"start":{"line":153,"column":2},"end":{"line":155,"column":5}},"74":{"start":{"line":154,"column":4},"end":{"line":154,"column":29}},"75":{"start":{"line":159,"column":0},"end":{"line":177,"column":3}},"76":{"start":{"line":160,"column":2},"end":{"line":176,"column":3}},"77":{"start":{"line":161,"column":19},"end":{"line":161,"column":38}},"78":{"start":{"line":162,"column":4},"end":{"line":175,"column":7}},"79":{"start":{"line":163,"column":19},"end":{"line":163,"column":33}},"80":{"start":{"line":164,"column":6},"end":{"line":164,"column":72}},"81":{"start":{"line":165,"column":6},"end":{"line":165,"column":74}},"82":{"start":{"line":166,"column":6},"end":{"line":166,"column":56}},"83":{"start":{"line":167,"column":6},"end":{"line":167,"column":56}},"84":{"start":{"line":168,"column":30},"end":{"line":168,"column":64}},"85":{"start":{"line":169,"column":29},"end":{"line":169,"column":63}},"86":{"start":{"line":170,"column":6},"end":{"line":174,"column":7}},"87":{"start":{"line":171,"column":8},"end":{"line":171,"column":39}},"88":{"start":{"line":172,"column":13},"end":{"line":174,"column":7}},"89":{"start":{"line":173,"column":8},"end":{"line":173,"column":38}},"90":{"start":{"line":180,"column":0},"end":{"line":185,"column":3}},"91":{"start":{"line":181,"column":2},"end":{"line":184,"column":3}},"92":{"start":{"line":182,"column":19},"end":{"line":182,"column":38}},"93":{"start":{"line":183,"column":4},"end":{"line":183,"column":23}},"94":{"start":{"line":189,"column":16},"end":{"line":189,"column":52}},"95":{"start":{"line":190,"column":15},"end":{"line":190,"column":43}},"96":{"start":{"line":191,"column":2},"end":{"line":208,"column":3}},"97":{"start":{"line":192,"column":21},"end":{"line":192,"column":51}},"98":{"start":{"line":193,"column":4},"end":{"line":201,"column":7}},"99":{"start":{"line":194,"column":20},"end":{"line":194,"column":22}},"100":{"start":{"line":195,"column":6},"end":{"line":199,"column":9}},"101":{"start":{"line":196,"column":8},"end":{"line":198,"column":9}},"102":{"start":{"line":197,"column":10},"end":{"line":197,"column":41}},"103":{"start":{"line":200,"column":6},"end":{"line":200,"column":45}},"104":{"start":{"line":202,"column":23},"end":{"line":202,"column":44}},"105":{"start":{"line":203,"column":17},"end":{"line":203,"column":44}},"106":{"start":{"line":204,"column":4},"end":{"line":204,"column":42}},"107":{"start":{"line":205,"column":4},"end":{"line":205,"column":51}},"108":{"start":{"line":206,"column":4},"end":{"line":206,"column":36}},"109":{"start":{"line":207,"column":4},"end":{"line":207,"column":17}},"110":{"start":{"line":211,"column":0},"end":{"line":220,"column":2}}},"fnMap":{"0":{"name":"(anonymous_0)","decl":{"start":{"line":4,"column":23},"end":{"line":4,"column":24}},"loc":{"start":{"line":4,"column":30},"end":{"line":16,"column":3}},"line":4},"1":{"name":"(anonymous_1)","decl":{"start":{"line":5,"column":17},"end":{"line":5,"column":18}},"loc":{"start":{"line":5,"column":24},"end":{"line":10,"column":5}},"line":5},"2":{"name":"showAlert","decl":{"start":{"line":27,"column":9},"end":{"line":27,"column":18}},"loc":{"start":{"line":27,"column":39},"end":{"line":34,"column":1}},"line":27},"3":{"name":"(anonymous_3)","decl":{"start":{"line":33,"column":13},"end":{"line":33,"column":14}},"loc":{"start":{"line":33,"column":19},"end":{"line":33,"column":60}},"line":33},"4":{"name":"calculateDuration","decl":{"start":{"line":37,"column":9},"end":{"line":37,"column":26}},"loc":{"start":{"line":37,"column":47},"end":{"line":44,"column":1}},"line":37},"5":{"name":"addTask","decl":{"start":{"line":47,"column":9},"end":{"line":47,"column":16}},"loc":{"start":{"line":47,"column":19},"end":{"line":84,"column":1}},"line":47},"6":{"name":"deleteTask","decl":{"start":{"line":87,"column":9},"end":{"line":87,"column":19}},"loc":{"start":{"line":87,"column":28},"end":{"line":92,"column":1}},"line":87},"7":{"name":"loadTasksFromFirebase","decl":{"start":{"line":95,"column":9},"end":{"line":95,"column":30}},"loc":{"start":{"line":95,"column":38},"end":{"line":125,"column":1}},"line":95},"8":{"name":"(anonymous_8)","decl":{"start":{"line":99,"column":34},"end":{"line":99,"column":35}},"loc":{"start":{"line":99,"column":48},"end":{"line":124,"column":3}},"line":99},"9":{"name":"(anonymous_9)","decl":{"start":{"line":102,"column":33},"end":{"line":102,"column":34}},"loc":{"start":{"line":102,"column":45},"end":{"line":120,"column":7}},"line":102},"10":{"name":"handleSubmit","decl":{"start":{"line":128,"column":15},"end":{"line":128,"column":27}},"loc":{"start":{"line":128,"column":31},"end":{"line":136,"column":1}},"line":128},"11":{"name":"(anonymous_11)","decl":{"start":{"line":146,"column":46},"end":{"line":146,"column":47}},"loc":{"start":{"line":146,"column":52},"end":{"line":148,"column":3}},"line":146},"12":{"name":"(anonymous_12)","decl":{"start":{"line":153,"column":46},"end":{"line":153,"column":47}},"loc":{"start":{"line":153,"column":52},"end":{"line":155,"column":3}},"line":153},"13":{"name":"(anonymous_13)","decl":{"start":{"line":159,"column":35},"end":{"line":159,"column":36}},"loc":{"start":{"line":159,"column":42},"end":{"line":177,"column":1}},"line":159},"14":{"name":"(anonymous_14)","decl":{"start":{"line":162,"column":55},"end":{"line":162,"column":56}},"loc":{"start":{"line":162,"column":69},"end":{"line":175,"column":5}},"line":162},"15":{"name":"(anonymous_15)","decl":{"start":{"line":180,"column":35},"end":{"line":180,"column":36}},"loc":{"start":{"line":180,"column":42},"end":{"line":185,"column":1}},"line":180},"16":{"name":"downloadTimesheet","decl":{"start":{"line":188,"column":9},"end":{"line":188,"column":26}},"loc":{"start":{"line":188,"column":35},"end":{"line":209,"column":1}},"line":188},"17":{"name":"(anonymous_17)","decl":{"start":{"line":193,"column":17},"end":{"line":193,"column":18}},"loc":{"start":{"line":193,"column":26},"end":{"line":201,"column":5}},"line":193},"18":{"name":"(anonymous_18)","decl":{"start":{"line":195,"column":41},"end":{"line":195,"column":42}},"loc":{"start":{"line":195,"column":58},"end":{"line":199,"column":7}},"line":195}},"branchMap":{"0":{"loc":{"start":{"line":58,"column":2},"end":{"line":62,"column":3}},"type":"if","locations":[{"start":{"line":58,"column":2},"end":{"line":62,"column":3}},{"start":{"line":60,"column":9},"end":{"line":62,"column":3}}],"line":58},"1":{"loc":{"start":{"line":60,"column":9},"end":{"line":62,"column":3}},"type":"if","locations":[{"start":{"line":60,"column":9},"end":{"line":62,"column":3}},{"start":{},"end":{}}],"line":60},"2":{"loc":{"start":{"line":101,"column":4},"end":{"line":123,"column":5}},"type":"if","locations":[{"start":{"line":101,"column":4},"end":{"line":123,"column":5}},{"start":{"line":121,"column":11},"end":{"line":123,"column":5}}],"line":101},"3":{"loc":{"start":{"line":104,"column":8},"end":{"line":119,"column":9}},"type":"if","locations":[{"start":{"line":104,"column":8},"end":{"line":119,"column":9}},{"start":{},"end":{}}],"line":104},"4":{"loc":{"start":{"line":131,"column":2},"end":{"line":135,"column":3}},"type":"if","locations":[{"start":{"line":131,"column":2},"end":{"line":135,"column":3}},{"start":{"line":133,"column":9},"end":{"line":135,"column":3}}],"line":131},"5":{"loc":{"start":{"line":140,"column":0},"end":{"line":142,"column":1}},"type":"if","locations":[{"start":{"line":140,"column":0},"end":{"line":142,"column":1}},{"start":{},"end":{}}],"line":140},"6":{"loc":{"start":{"line":145,"column":0},"end":{"line":149,"column":1}},"type":"if","locations":[{"start":{"line":145,"column":0},"end":{"line":149,"column":1}},{"start":{},"end":{}}],"line":145},"7":{"loc":{"start":{"line":152,"column":0},"end":{"line":156,"column":1}},"type":"if","locations":[{"start":{"line":152,"column":0},"end":{"line":156,"column":1}},{"start":{},"end":{}}],"line":152},"8":{"loc":{"start":{"line":160,"column":2},"end":{"line":176,"column":3}},"type":"if","locations":[{"start":{"line":160,"column":2},"end":{"line":176,"column":3}},{"start":{},"end":{}}],"line":160},"9":{"loc":{"start":{"line":170,"column":6},"end":{"line":174,"column":7}},"type":"if","locations":[{"start":{"line":170,"column":6},"end":{"line":174,"column":7}},{"start":{"line":172,"column":13},"end":{"line":174,"column":7}}],"line":170},"10":{"loc":{"start":{"line":172,"column":13},"end":{"line":174,"column":7}},"type":"if","locations":[{"start":{"line":172,"column":13},"end":{"line":174,"column":7}},{"start":{},"end":{}}],"line":172},"11":{"loc":{"start":{"line":181,"column":2},"end":{"line":184,"column":3}},"type":"if","locations":[{"start":{"line":181,"column":2},"end":{"line":184,"column":3}},{"start":{},"end":{}}],"line":181},"12":{"loc":{"start":{"line":191,"column":2},"end":{"line":208,"column":3}},"type":"if","locations":[{"start":{"line":191,"column":2},"end":{"line":208,"column":3}},{"start":{},"end":{}}],"line":191},"13":{"loc":{"start":{"line":196,"column":8},"end":{"line":198,"column":9}},"type":"if","locations":[{"start":{"line":196,"column":8},"end":{"line":198,"column":9}},{"start":{},"end":{}}],"line":196},"14":{"loc":{"start":{"line":196,"column":12},"end":{"line":196,"column":76}},"type":"binary-expr","locations":[{"start":{"line":196,"column":12},"end":{"line":196,"column":42}},{"start":{"line":196,"column":46},"end":{"line":196,"column":76}}],"line":196}},"s":{"0":1,"1":1,"2":0,"3":1,"4":1,"5":1,"6":1,"7":1,"8":1,"9":1,"10":1,"11":1,"12":0,"13":1,"14":1,"15":1,"16":1,"17":1,"18":1,"19":1,"20":1,"21":1,"22":1,"23":1,"24":1,"25":1,"26":1,"27":1,"28":1,"29":0,"30":1,"31":1,"32":1,"33":1,"34":0,"35":0,"36":0,"37":0,"38":0,"39":0,"40":0,"41":0,"42":0,"43":1,"44":1,"45":1,"46":0,"47":1,"48":1,"49":1,"50":0,"51":0,"52":0,"53":0,"54":0,"55":0,"56":0,"57":0,"58":0,"59":1,"60":1,"61":1,"62":1,"63":0,"64":1,"65":1,"66":0,"67":1,"68":1,"69":0,"70":0,"71":1,"72":1,"73":0,"74":0,"75":1,"76":0,"77":0,"78":0,"79":0,"80":0,"81":0,"82":0,"83":0,"84":0,"85":0,"86":0,"87":0,"88":0,"89":0,"90":1,"91":0,"92":0,"93":0,"94":0,"95":0,"96":0,"97":0,"98":0,"99":0,"100":0,"101":0,"102":0,"103":0,"104":0,"105":0,"106":0,"107":0,"108":0,"109":0,"110":1},"f":{"0":1,"1":0,"2":1,"3":0,"4":1,"5":1,"6":1,"7":1,"8":0,"9":0,"10":1,"11":0,"12":0,"13":0,"14":0,"15":0,"16":0,"17":0,"18":0},"b":{"0":[0,1],"1":[1,0],"2":[0,0],"3":[0,0],"4":[1,0],"5":[0,1],"6":[0,1],"7":[0,1],"8":[0,0],"9":[0,0],"10":[0,0],"11":[0,0],"12":[0,0],"13":[0,0],"14":[0,0]},"_coverageSchema":"1a1c01bbd47fc00a2c39e90264f33305004495a9","hash":"ab920b256f34f05be9e97c857397b7d8aa3de97c"}
}
