TN:
SF:dist\aFeedbackT.js
FN:18,(anonymous_0)
FN:19,(anonymous_1)
FN:32,fetchAndDisplayEmployees
FN:37,(anonymous_3)
FN:38,(anonymous_4)
FN:44,(anonymous_5)
FN:49,(anonymous_6)
FN:59,(anonymous_7)
FN:70,requestFeedback
FN:80,(anonymous_9)
FNF:10
FNH:6
FNDA:1,(anonymous_0)
FNDA:0,(anonymous_1)
FNDA:1,fetchAndDisplayEmployees
FNDA:1,(anonymous_3)
FNDA:1,(anonymous_4)
FNDA:1,(anonymous_5)
FNDA:2,(anonymous_6)
FNDA:0,(anonymous_7)
FNDA:0,requestFeedback
FNDA:0,(anonymous_9)
DA:4,1
DA:16,1
DA:18,1
DA:19,0
DA:28,1
DA:29,1
DA:34,1
DA:37,1
DA:38,1
DA:40,1
DA:43,1
DA:44,1
DA:45,1
DA:49,1
DA:50,2
DA:51,2
DA:52,2
DA:53,1
DA:54,1
DA:55,1
DA:56,1
DA:57,1
DA:58,1
DA:59,1
DA:60,0
DA:62,1
DA:71,0
DA:72,0
DA:76,0
DA:80,1
DA:81,0
DA:89,1
LF:32
LH:26
BRDA:52,0,0,1
BRDA:52,0,1,1
BRF:2
BRH:2
end_of_record
TN:
SF:dist\createMealT.js
FN:5,(anonymous_0)
FN:6,(anonymous_1)
FN:7,(anonymous_2)
FN:9,(anonymous_3)
FN:12,(anonymous_4)
FN:13,(anonymous_5)
FN:16,(anonymous_6)
FN:17,(anonymous_7)
FN:30,(anonymous_8)
FN:31,(anonymous_9)
FN:36,addMeal
FN:54,(anonymous_11)
FN:57,(anonymous_12)
FN:63,fetchMeals
FN:65,(anonymous_14)
FN:92,(anonymous_15)
FN:96,editMeal
FN:98,(anonymous_17)
FN:116,(anonymous_18)
FN:118,(anonymous_19)
FN:131,(anonymous_20)
FN:135,deleteMeal
FN:139,(anonymous_22)
FN:141,(anonymous_23)
FNF:24
FNH:15
FNDA:5,(anonymous_0)
FNDA:9,(anonymous_1)
FNDA:4,(anonymous_2)
FNDA:4,(anonymous_3)
FNDA:0,(anonymous_4)
FNDA:1,(anonymous_5)
FNDA:1,(anonymous_6)
FNDA:1,(anonymous_7)
FNDA:0,(anonymous_8)
FNDA:0,(anonymous_9)
FNDA:1,addMeal
FNDA:0,(anonymous_11)
FNDA:0,(anonymous_12)
FNDA:3,fetchMeals
FNDA:3,(anonymous_14)
FNDA:0,(anonymous_15)
FNDA:1,editMeal
FNDA:1,(anonymous_17)
FNDA:1,(anonymous_18)
FNDA:0,(anonymous_19)
FNDA:0,(anonymous_20)
FNDA:1,deleteMeal
FNDA:1,(anonymous_22)
FNDA:0,(anonymous_23)
DA:3,1
DA:5,5
DA:6,9
DA:9,4
DA:10,4
DA:12,0
DA:13,1
DA:16,1
DA:17,1
DA:28,1
DA:29,1
DA:30,1
DA:31,0
DA:32,0
DA:37,1
DA:38,1
DA:39,1
DA:40,1
DA:41,1
DA:42,1
DA:43,1
DA:44,1
DA:53,1
DA:54,1
DA:55,0
DA:56,0
DA:58,0
DA:64,3
DA:65,3
DA:66,3
DA:67,3
DA:68,3
DA:69,3
DA:70,0
DA:71,0
DA:72,0
DA:73,0
DA:92,1
DA:93,0
DA:97,1
DA:98,1
DA:99,1
DA:100,1
DA:101,1
DA:102,1
DA:103,1
DA:104,1
DA:105,1
DA:106,1
DA:107,1
DA:108,1
DA:117,1
DA:119,0
DA:120,0
DA:123,0
DA:131,1
DA:132,0
DA:136,1
DA:137,1
DA:138,1
DA:139,1
DA:140,1
DA:142,0
DA:143,0
DA:148,1
LF:65
LH:48
BRDA:70,0,0,0
BRDA:70,0,1,0
BRDA:107,1,0,1
BRDA:107,1,1,0
BRDA:107,2,0,1
BRDA:107,2,1,1
BRDA:107,2,2,1
BRDA:107,2,3,1
BRDA:107,2,4,1
BRDA:107,2,5,1
BRDA:137,3,0,1
BRDA:137,3,1,0
BRF:12
BRH:8
end_of_record
TN:
SF:dist\eBookMealT.js
FN:12,initializeFirebase
FN:19,setupEventListeners
FN:21,(anonymous_2)
FN:27,fetchMealBookings
FN:28,(anonymous_4)
FN:36,(anonymous_5)
FNF:6
FNH:4
FNDA:1,initializeFirebase
FNDA:1,setupEventListeners
FNDA:0,(anonymous_2)
FNDA:1,fetchMealBookings
FNDA:1,(anonymous_4)
FNDA:0,(anonymous_5)
DA:13,1
DA:14,1
DA:15,1
DA:21,1
DA:22,0
DA:28,1
DA:29,1
DA:30,1
DA:32,1
DA:33,0
DA:36,0
DA:37,0
DA:38,0
DA:39,0
DA:45,0
DA:51,1
LF:16
LH:9
BRDA:30,0,0,1
BRDA:30,0,1,0
BRF:2
BRH:1
end_of_record
TN:
SF:dist\eBookingT.js
FN:16,(anonymous_0)
FN:17,(anonymous_1)
FN:18,(anonymous_2)
FN:19,(anonymous_3)
FN:33,setupFormSubmission
FN:37,submitHandler
FN:43,(anonymous_6)
FN:50,(anonymous_7)
FN:53,(anonymous_8)
FN:63,checkBookingLimit
FN:68,(anonymous_10)
FN:85,getWeekStartDate
FN:92,getWeekEndDate
FN:99,fetchBookings
FN:101,(anonymous_14)
FN:116,(anonymous_15)
FN:121,(anonymous_16)
FN:130,updateHandler
FN:138,(anonymous_18)
FN:140,(anonymous_19)
FN:145,(anonymous_20)
FN:151,(anonymous_21)
FN:155,(anonymous_22)
FN:171,(anonymous_23)
FN:175,(anonymous_24)
FN:177,(anonymous_25)
FNF:26
FNH:8
FNDA:1,(anonymous_0)
FNDA:3,(anonymous_1)
FNDA:0,(anonymous_2)
FNDA:0,(anonymous_3)
FNDA:1,setupFormSubmission
FNDA:1,submitHandler
FNDA:0,(anonymous_6)
FNDA:0,(anonymous_7)
FNDA:0,(anonymous_8)
FNDA:1,checkBookingLimit
FNDA:0,(anonymous_10)
FNDA:1,getWeekStartDate
FNDA:1,getWeekEndDate
FNDA:2,fetchBookings
FNDA:0,(anonymous_14)
FNDA:0,(anonymous_15)
FNDA:0,(anonymous_16)
FNDA:0,updateHandler
FNDA:0,(anonymous_18)
FNDA:0,(anonymous_19)
FNDA:0,(anonymous_20)
FNDA:0,(anonymous_21)
FNDA:0,(anonymous_22)
FNDA:0,(anonymous_23)
FNDA:0,(anonymous_24)
FNDA:0,(anonymous_25)
DA:3,1
DA:14,1
DA:16,1
DA:17,3
DA:18,0
DA:19,0
DA:29,1
DA:30,1
DA:34,1
DA:38,1
DA:39,1
DA:40,1
DA:41,1
DA:43,1
DA:44,0
DA:45,0
DA:46,0
DA:51,0
DA:52,0
DA:54,0
DA:55,0
DA:58,0
DA:64,1
DA:65,1
DA:66,1
DA:67,1
DA:68,1
DA:69,0
DA:70,0
DA:71,0
DA:72,0
DA:73,0
DA:74,0
DA:75,0
DA:79,0
DA:86,1
DA:87,1
DA:88,1
DA:89,1
DA:93,1
DA:94,1
DA:95,1
DA:96,1
DA:100,2
DA:101,2
DA:102,0
DA:103,0
DA:104,0
DA:105,0
DA:106,0
DA:107,0
DA:108,0
DA:109,0
DA:116,1
DA:117,0
DA:118,0
DA:119,0
DA:121,0
DA:122,0
DA:124,0
DA:125,0
DA:126,0
DA:128,0
DA:129,0
DA:130,0
DA:131,0
DA:133,0
DA:134,0
DA:135,0
DA:137,0
DA:138,0
DA:139,0
DA:140,0
DA:141,0
DA:146,0
DA:147,0
DA:149,0
DA:150,0
DA:152,0
DA:153,0
DA:156,0
DA:157,0
DA:160,0
DA:171,1
DA:172,0
DA:173,0
DA:174,0
DA:175,0
DA:176,0
DA:178,0
DA:179,0
DA:185,1
DA:187,1
LF:93
LH:31
BRDA:44,0,0,0
BRDA:44,0,1,0
BRDA:72,1,0,0
BRDA:72,1,1,0
BRDA:74,2,0,0
BRDA:74,2,1,0
BRDA:74,3,0,0
BRDA:74,3,1,0
BRDA:88,4,0,0
BRDA:88,4,1,1
BRDA:106,5,0,0
BRDA:106,5,1,0
BRDA:118,6,0,0
BRDA:118,6,1,0
BRDA:139,7,0,0
BRDA:139,7,1,0
BRDA:173,8,0,0
BRDA:173,8,1,0
BRF:18
BRH:1
end_of_record
TN:
SF:dist\eTimesheetT.js
FN:4,(anonymous_0)
FN:5,(anonymous_1)
FN:27,showAlert
FN:33,(anonymous_3)
FN:37,calculateDuration
FN:47,addTask
FN:87,deleteTask
FN:95,loadTasksFromFirebase
FN:99,(anonymous_8)
FN:102,(anonymous_9)
FN:128,handleSubmit
FN:146,(anonymous_11)
FN:153,(anonymous_12)
FN:159,(anonymous_13)
FN:162,(anonymous_14)
FN:180,(anonymous_15)
FN:188,downloadTimesheet
FN:193,(anonymous_17)
FN:195,(anonymous_18)
FNF:19
FNH:14
FNDA:1,(anonymous_0)
FNDA:0,(anonymous_1)
FNDA:5,showAlert
FNDA:0,(anonymous_3)
FNDA:2,calculateDuration
FNDA:1,addTask
FNDA:1,deleteTask
FNDA:3,loadTasksFromFirebase
FNDA:2,(anonymous_8)
FNDA:1,(anonymous_9)
FNDA:2,handleSubmit
FNDA:0,(anonymous_11)
FNDA:0,(anonymous_12)
FNDA:1,(anonymous_13)
FNDA:0,(anonymous_14)
FNDA:1,(anonymous_15)
FNDA:1,downloadTimesheet
FNDA:1,(anonymous_17)
FNDA:7,(anonymous_18)
DA:2,1
DA:4,1
DA:5,0
DA:22,1
DA:23,1
DA:24,1
DA:28,5
DA:29,5
DA:30,5
DA:31,5
DA:32,5
DA:33,5
DA:38,2
DA:39,2
DA:40,2
DA:41,2
DA:42,2
DA:43,2
DA:48,1
DA:49,1
DA:50,1
DA:51,1
DA:52,1
DA:53,1
DA:55,1
DA:56,1
DA:57,1
DA:58,1
DA:59,0
DA:60,1
DA:61,0
DA:63,1
DA:65,1
DA:74,1
DA:76,1
DA:77,1
DA:78,1
DA:79,1
DA:80,1
DA:81,1
DA:82,1
DA:83,1
DA:88,1
DA:89,1
DA:90,1
DA:91,1
DA:96,3
DA:97,3
DA:99,3
DA:100,2
DA:101,2
DA:102,1
DA:103,1
DA:104,1
DA:105,1
DA:106,1
DA:118,1
DA:122,1
DA:129,2
DA:130,2
DA:131,2
DA:132,1
DA:134,1
DA:139,1
DA:140,1
DA:141,0
DA:144,1
DA:145,1
DA:146,0
DA:147,0
DA:151,1
DA:152,1
DA:153,0
DA:154,0
DA:159,1
DA:160,1
DA:161,0
DA:162,0
DA:163,0
DA:164,0
DA:165,0
DA:166,0
DA:167,0
DA:168,0
DA:169,0
DA:170,0
DA:171,0
DA:172,0
DA:173,0
DA:180,1
DA:181,1
DA:182,0
DA:183,0
DA:189,1
DA:190,1
DA:191,1
DA:192,1
DA:193,1
DA:194,1
DA:195,1
DA:196,7
DA:197,5
DA:200,1
DA:202,1
DA:203,1
DA:204,1
DA:205,1
DA:206,1
DA:207,1
DA:211,1
LF:110
LH:87
BRDA:58,0,0,0
BRDA:58,0,1,1
BRDA:60,1,0,0
BRDA:60,1,1,1
BRDA:101,2,0,1
BRDA:101,2,1,1
BRDA:104,3,0,1
BRDA:104,3,1,0
BRDA:131,4,0,1
BRDA:131,4,1,1
BRDA:140,5,0,0
BRDA:140,5,1,1
BRDA:145,6,0,0
BRDA:145,6,1,1
BRDA:152,7,0,0
BRDA:152,7,1,1
BRDA:160,8,0,0
BRDA:160,8,1,1
BRDA:170,9,0,0
BRDA:170,9,1,0
BRDA:172,10,0,0
BRDA:172,10,1,0
BRDA:181,11,0,0
BRDA:181,11,1,1
BRDA:191,12,0,1
BRDA:191,12,1,0
BRDA:196,13,0,5
BRDA:196,13,1,2
BRDA:196,14,0,7
BRDA:196,14,1,6
BRF:30
BRH:17
end_of_record
TN:
SF:dist\notificationsT.js
FN:4,(anonymous_0)
FN:5,(anonymous_1)
FN:15,checkMealBooking
FN:18,(anonymous_3)
FN:18,(anonymous_4)
FN:22,(anonymous_5)
FN:26,(anonymous_6)
FN:29,(anonymous_7)
FN:43,checkCarWashBooking
FN:46,(anonymous_9)
FN:46,(anonymous_10)
FN:50,(anonymous_11)
FN:54,(anonymous_12)
FNF:13
FNH:13
FNDA:1,(anonymous_0)
FNDA:4,(anonymous_1)
FNDA:2,checkMealBooking
FNDA:2,(anonymous_3)
FNDA:2,(anonymous_4)
FNDA:2,(anonymous_5)
FNDA:4,(anonymous_6)
FNDA:2,(anonymous_7)
FNDA:2,checkCarWashBooking
FNDA:2,(anonymous_9)
FNDA:2,(anonymous_10)
FNDA:2,(anonymous_11)
FNDA:4,(anonymous_12)
DA:2,1
DA:4,1
DA:5,4
DA:12,1
DA:13,1
DA:16,2
DA:17,2
DA:18,2
DA:22,2
DA:23,2
DA:25,2
DA:26,4
DA:27,2
DA:28,1
DA:29,1
DA:30,2
DA:32,1
DA:34,1
DA:37,0
DA:39,2
DA:44,2
DA:45,2
DA:46,2
DA:50,2
DA:51,2
DA:53,2
DA:54,4
DA:55,2
DA:56,1
DA:58,1
DA:61,0
DA:63,2
DA:67,1
LF:33
LH:31
BRDA:25,0,0,2
BRDA:25,0,1,0
BRDA:27,1,0,1
BRDA:27,1,1,1
BRDA:53,2,0,2
BRDA:53,2,1,0
BRDA:55,3,0,1
BRDA:55,3,1,1
BRF:8
BRH:6
end_of_record
TN:
SF:dist\viewBookingsT.js
FN:6,(anonymous_0)
FN:7,(anonymous_1)
FN:20,fetchCarWashBookings
FN:22,(anonymous_3)
FN:41,fetchMealBookings
FN:43,(anonymous_5)
FN:62,(anonymous_6)
FNF:7
FNH:6
FNDA:3,(anonymous_0)
FNDA:2,(anonymous_1)
FNDA:1,fetchCarWashBookings
FNDA:1,(anonymous_3)
FNDA:1,fetchMealBookings
FNDA:1,(anonymous_5)
FNDA:0,(anonymous_6)
DA:4,1
DA:6,3
DA:7,2
DA:16,1
DA:17,1
DA:21,1
DA:22,1
DA:23,1
DA:24,1
DA:25,1
DA:26,0
DA:27,0
DA:28,0
DA:29,0
DA:30,0
DA:42,1
DA:43,1
DA:44,1
DA:45,1
DA:46,1
DA:47,0
DA:48,0
DA:49,0
DA:50,0
DA:51,0
DA:62,1
DA:63,0
DA:64,0
DA:67,1
LF:29
LH:17
BRDA:27,0,0,0
BRDA:27,0,1,0
BRDA:48,1,0,0
BRDA:48,1,1,0
BRF:4
BRH:0
end_of_record
