TN:
SF:dist\aFeedbackT.js
FN:18,(anonymous_0)
FN:19,(anonymous_1)
FN:32,fetchAndDisplayEmployees
FN:37,(anonymous_3)
FN:38,(anonymous_4)
FN:44,(anonymous_5)
FN:49,(anonymous_6)
FN:59,(anonymous_7)
FN:70,requestFeedback
FN:80,(anonymous_9)
FNF:10
FNH:6
FNDA:1,(anonymous_0)
FNDA:0,(anonymous_1)
FNDA:1,fetchAndDisplayEmployees
FNDA:1,(anonymous_3)
FNDA:1,(anonymous_4)
FNDA:1,(anonymous_5)
FNDA:2,(anonymous_6)
FNDA:0,(anonymous_7)
FNDA:0,requestFeedback
FNDA:0,(anonymous_9)
DA:4,1
DA:16,1
DA:18,1
DA:19,0
DA:28,1
DA:29,1
DA:34,1
DA:37,1
DA:38,1
DA:40,1
DA:43,1
DA:44,1
DA:45,1
DA:49,1
DA:50,2
DA:51,2
DA:52,2
DA:53,1
DA:54,1
DA:55,1
DA:56,1
DA:57,1
DA:58,1
DA:59,1
DA:60,0
DA:62,1
DA:71,0
DA:72,0
DA:76,0
DA:80,1
DA:81,0
DA:89,1
LF:32
LH:26
BRDA:52,0,0,1
BRDA:52,0,1,1
BRF:2
BRH:2
end_of_record
TN:
SF:dist\createMealT.js
FN:18,(anonymous_0)
FN:19,(anonymous_1)
FN:22,(anonymous_2)
FN:24,(anonymous_3)
FN:44,(anonymous_4)
FN:45,(anonymous_5)
FN:50,addMeal
FN:68,(anonymous_7)
FN:71,(anonymous_8)
FN:77,fetchMeals
FN:79,(anonymous_10)
FN:106,(anonymous_11)
FN:110,editMeal
FN:112,(anonymous_13)
FN:130,(anonymous_14)
FN:132,(anonymous_15)
FN:145,(anonymous_16)
FN:149,deleteMeal
FN:153,(anonymous_18)
FN:155,(anonymous_19)
FNF:20
FNH:6
FNDA:3,(anonymous_0)
FNDA:1,(anonymous_1)
FNDA:1,(anonymous_2)
FNDA:1,(anonymous_3)
FNDA:0,(anonymous_4)
FNDA:0,(anonymous_5)
FNDA:1,addMeal
FNDA:1,(anonymous_7)
FNDA:0,(anonymous_8)
FNDA:0,fetchMeals
FNDA:0,(anonymous_10)
FNDA:0,(anonymous_11)
FNDA:0,editMeal
FNDA:0,(anonymous_13)
FNDA:0,(anonymous_14)
FNDA:0,(anonymous_15)
FNDA:0,(anonymous_16)
FNDA:0,deleteMeal
FNDA:0,(anonymous_18)
FNDA:0,(anonymous_19)
DA:5,1
DA:16,1
DA:18,3
DA:19,1
DA:23,1
DA:25,1
DA:26,1
DA:42,1
DA:43,1
DA:44,1
DA:45,0
DA:46,0
DA:51,1
DA:52,1
DA:53,1
DA:54,1
DA:55,1
DA:56,1
DA:57,1
DA:58,1
DA:67,1
DA:68,1
DA:69,1
DA:70,1
DA:72,0
DA:78,0
DA:79,0
DA:80,0
DA:81,0
DA:82,0
DA:83,0
DA:84,0
DA:85,0
DA:86,0
DA:87,0
DA:106,1
DA:107,0
DA:111,0
DA:112,0
DA:113,0
DA:114,0
DA:115,0
DA:116,0
DA:117,0
DA:118,0
DA:119,0
DA:120,0
DA:121,0
DA:122,0
DA:131,0
DA:133,0
DA:134,0
DA:137,0
DA:145,1
DA:146,0
DA:150,0
DA:151,0
DA:152,0
DA:153,0
DA:154,0
DA:156,0
DA:157,0
DA:162,1
LF:63
LH:25
BRDA:84,0,0,0
BRDA:84,0,1,0
BRDA:121,1,0,0
BRDA:121,1,1,0
BRDA:121,2,0,0
BRDA:121,2,1,0
BRDA:121,2,2,0
BRDA:121,2,3,0
BRDA:121,2,4,0
BRDA:121,2,5,0
BRDA:151,3,0,0
BRDA:151,3,1,0
BRF:12
BRH:0
end_of_record
TN:
SF:dist\eBookMealT.js
FN:16,(anonymous_0)
FN:17,(anonymous_1)
FN:18,(anonymous_2)
FN:21,(anonymous_3)
FN:26,(anonymous_4)
FN:48,(anonymous_5)
FN:55,(anonymous_6)
FN:76,(anonymous_7)
FN:85,(anonymous_8)
FN:95,(anonymous_9)
FN:100,(anonymous_10)
FN:113,setupEventListeners
FN:115,(anonymous_12)
FN:120,(anonymous_13)
FN:124,(anonymous_14)
FN:136,fetchMealBookings
FN:137,(anonymous_16)
FN:145,(anonymous_17)
FN:161,(anonymous_18)
FN:163,(anonymous_19)
FN:165,(anonymous_20)
FNF:21
FNH:5
FNDA:1,(anonymous_0)
FNDA:2,(anonymous_1)
FNDA:3,(anonymous_2)
FNDA:0,(anonymous_3)
FNDA:0,(anonymous_4)
FNDA:0,(anonymous_5)
FNDA:0,(anonymous_6)
FNDA:2,(anonymous_7)
FNDA:0,(anonymous_8)
FNDA:0,(anonymous_9)
FNDA:0,(anonymous_10)
FNDA:0,setupEventListeners
FNDA:0,(anonymous_12)
FNDA:0,(anonymous_13)
FNDA:0,(anonymous_14)
FNDA:1,fetchMealBookings
FNDA:0,(anonymous_16)
FNDA:0,(anonymous_17)
FNDA:0,(anonymous_18)
FNDA:0,(anonymous_19)
FNDA:0,(anonymous_20)
DA:3,1
DA:15,1
DA:16,1
DA:17,2
DA:18,3
DA:21,0
DA:26,0
DA:31,1
DA:34,1
DA:35,1
DA:38,1
DA:39,1
DA:40,1
DA:44,1
DA:45,1
DA:48,1
DA:49,0
DA:50,0
DA:52,0
DA:55,0
DA:56,0
DA:57,0
DA:58,0
DA:59,0
DA:70,0
DA:76,1
DA:77,2
DA:78,2
DA:79,1
DA:80,1
DA:81,0
DA:82,0
DA:85,0
DA:86,0
DA:87,0
DA:88,0
DA:89,0
DA:90,0
DA:96,0
DA:97,0
DA:98,0
DA:99,0
DA:101,0
DA:102,0
DA:107,1
DA:115,0
DA:116,0
DA:117,0
DA:118,0
DA:119,0
DA:120,0
DA:121,0
DA:122,0
DA:123,0
DA:125,0
DA:126,0
DA:133,1
DA:137,1
DA:138,0
DA:139,0
DA:141,0
DA:142,0
DA:145,0
DA:146,0
DA:147,0
DA:148,0
DA:154,0
DA:161,1
DA:162,0
DA:163,0
DA:164,0
DA:166,0
DA:167,0
DA:172,1
DA:174,1
LF:75
LH:25
BRDA:50,0,0,0
BRDA:50,0,1,0
BRDA:78,1,0,1
BRDA:78,1,1,1
BRDA:80,2,0,0
BRDA:80,2,1,1
BRDA:80,3,0,1
BRDA:80,3,1,0
BRDA:87,4,0,0
BRDA:87,4,1,0
BRDA:117,5,0,0
BRDA:117,5,1,0
BRDA:139,6,0,0
BRDA:139,6,1,0
BRF:14
BRH:4
end_of_record
TN:
SF:dist\eBookingT.js
FN:16,(anonymous_0)
FN:17,(anonymous_1)
FN:18,(anonymous_2)
FN:19,(anonymous_3)
FN:33,setupFormSubmission
FN:37,submitHandler
FN:43,(anonymous_6)
FN:50,(anonymous_7)
FN:53,(anonymous_8)
FN:63,checkBookingLimit
FN:68,(anonymous_10)
FN:85,getWeekStartDate
FN:92,getWeekEndDate
FN:99,fetchBookings
FN:101,(anonymous_14)
FN:116,(anonymous_15)
FN:121,(anonymous_16)
FN:130,updateHandler
FN:138,(anonymous_18)
FN:140,(anonymous_19)
FN:145,(anonymous_20)
FN:151,(anonymous_21)
FN:155,(anonymous_22)
FN:171,(anonymous_23)
FN:175,(anonymous_24)
FN:177,(anonymous_25)
FNF:26
FNH:8
FNDA:1,(anonymous_0)
FNDA:3,(anonymous_1)
FNDA:0,(anonymous_2)
FNDA:0,(anonymous_3)
FNDA:1,setupFormSubmission
FNDA:1,submitHandler
FNDA:0,(anonymous_6)
FNDA:0,(anonymous_7)
FNDA:0,(anonymous_8)
FNDA:1,checkBookingLimit
FNDA:0,(anonymous_10)
FNDA:1,getWeekStartDate
FNDA:1,getWeekEndDate
FNDA:2,fetchBookings
FNDA:0,(anonymous_14)
FNDA:0,(anonymous_15)
FNDA:0,(anonymous_16)
FNDA:0,updateHandler
FNDA:0,(anonymous_18)
FNDA:0,(anonymous_19)
FNDA:0,(anonymous_20)
FNDA:0,(anonymous_21)
FNDA:0,(anonymous_22)
FNDA:0,(anonymous_23)
FNDA:0,(anonymous_24)
FNDA:0,(anonymous_25)
DA:2,1
DA:14,1
DA:16,1
DA:17,3
DA:18,0
DA:19,0
DA:29,1
DA:30,1
DA:34,1
DA:38,1
DA:39,1
DA:40,1
DA:41,1
DA:43,1
DA:44,0
DA:45,0
DA:46,0
DA:51,0
DA:52,0
DA:54,0
DA:55,0
DA:58,0
DA:64,1
DA:65,1
DA:66,1
DA:67,1
DA:68,1
DA:69,0
DA:70,0
DA:71,0
DA:72,0
DA:73,0
DA:74,0
DA:75,0
DA:79,0
DA:86,1
DA:87,1
DA:88,1
DA:89,1
DA:93,1
DA:94,1
DA:95,1
DA:96,1
DA:100,2
DA:101,2
DA:102,0
DA:103,0
DA:104,0
DA:105,0
DA:106,0
DA:107,0
DA:108,0
DA:109,0
DA:116,1
DA:117,0
DA:118,0
DA:119,0
DA:121,0
DA:122,0
DA:124,0
DA:125,0
DA:126,0
DA:128,0
DA:129,0
DA:130,0
DA:131,0
DA:133,0
DA:134,0
DA:135,0
DA:137,0
DA:138,0
DA:139,0
DA:140,0
DA:141,0
DA:146,0
DA:147,0
DA:149,0
DA:150,0
DA:152,0
DA:153,0
DA:156,0
DA:157,0
DA:160,0
DA:171,1
DA:172,0
DA:173,0
DA:174,0
DA:175,0
DA:176,0
DA:178,0
DA:179,0
DA:185,1
DA:187,1
LF:93
LH:31
BRDA:44,0,0,0
BRDA:44,0,1,0
BRDA:72,1,0,0
BRDA:72,1,1,0
BRDA:74,2,0,0
BRDA:74,2,1,0
BRDA:74,3,0,0
BRDA:74,3,1,0
BRDA:88,4,0,0
BRDA:88,4,1,1
BRDA:106,5,0,0
BRDA:106,5,1,0
BRDA:118,6,0,0
BRDA:118,6,1,0
BRDA:139,7,0,0
BRDA:139,7,1,0
BRDA:173,8,0,0
BRDA:173,8,1,0
BRF:18
BRH:1
end_of_record
TN:
SF:dist\notificationsT.js
FN:4,(anonymous_0)
FN:5,(anonymous_1)
FN:27,checkMealBooking
FN:30,(anonymous_3)
FN:30,(anonymous_4)
FN:34,checkCarWashBooking
FN:37,(anonymous_6)
FN:37,(anonymous_7)
FNF:8
FNH:4
FNDA:9,(anonymous_0)
FNDA:12,(anonymous_1)
FNDA:2,checkMealBooking
FNDA:0,(anonymous_3)
FNDA:0,(anonymous_4)
FNDA:2,checkCarWashBooking
FNDA:0,(anonymous_6)
FNDA:0,(anonymous_7)
DA:2,1
DA:4,9
DA:5,12
DA:11,1
DA:24,1
DA:25,1
DA:28,2
DA:29,2
DA:30,2
DA:31,2
DA:35,2
DA:36,2
DA:37,2
DA:38,2
DA:41,1
LF:15
LH:15
BRF:0
BRH:0
end_of_record
TN:
SF:dist\viewBookingsT.js
FN:6,(anonymous_0)
FN:7,(anonymous_1)
FN:31,fetchCarWashBookings
FN:33,(anonymous_3)
FN:52,fetchMealBookings
FN:54,(anonymous_5)
FN:73,(anonymous_6)
FNF:7
FNH:5
FNDA:1,(anonymous_0)
FNDA:2,(anonymous_1)
FNDA:2,fetchCarWashBookings
FNDA:0,(anonymous_3)
FNDA:2,fetchMealBookings
FNDA:0,(anonymous_5)
FNDA:1,(anonymous_6)
DA:4,1
DA:6,1
DA:7,2
DA:15,1
DA:27,1
DA:28,1
DA:32,2
DA:33,2
DA:34,0
DA:35,0
DA:36,0
DA:37,0
DA:38,0
DA:39,0
DA:40,0
DA:41,0
DA:53,2
DA:54,2
DA:55,0
DA:56,0
DA:57,0
DA:58,0
DA:59,0
DA:60,0
DA:61,0
DA:62,0
DA:73,1
DA:74,1
DA:75,1
DA:78,1
LF:30
LH:14
BRDA:38,0,0,0
BRDA:38,0,1,0
BRDA:59,1,0,0
BRDA:59,1,1,0
BRF:4
BRH:0
end_of_record
